<?xml version="1.0" encoding="UTF-8"?>
<!-- Generated by org.testng.reporters.JUnitReportReporter -->
<testsuite skipped="0" hostname="LAPTOP-AUM1F61A" name="com.qa.restapitest.test.RestApiGetCallTest" tests="1" failures="0" timestamp="2020-03-12T09:22:44 IST" time="4.416" errors="0">
  <testcase name="getcallTest" time="4.416" classname="com.qa.restapitest.test.RestApiGetCallTest"/>
</testsuite> <!-- com.qa.restapitest.test.RestApiGetCallTest -->
